<?xml version="1.0" encoding="UTF-8"?>
<!-- Generated by org.testng.reporters.JUnitReportReporter -->
<testsuite hostname="LAPTOP-ER81FAOP" failures="0" tests="1" name="testNg.TestNgClass" time="0.009" errors="0" timestamp="2023-02-16T00:43:40 IST" skipped="0">
  <testcase classname="testNg.TestNgClass" name="test" time="0.009"/>
  <system-out/>
</testsuite> <!-- testNg.TestNgClass -->
